  Using bundled DotNet SDK version: 6.0.302
  Running UnrealBuildTool: dotnet "..\..\Engine\Binaries\DotNET\UnrealBuildTool\UnrealBuildTool.dll" CPPUnrealIntroEditor Win64 DebugGame -Project="C:\Users\sofie\Documents\Projects\CPP-Unreal\CPPUnrealIntro\CPPUnrealIntro.uproject" -WaitMutex -FromMsBuild
  Log file: C:\Users\sofie\AppData\Local\UnrealBuildTool\Log.txt
  Using 'git status' to determine working set for adaptive non-unity build (C:\Users\sofie\Documents\Projects\CPP-Unreal).
  Parsing headers for CPPUnrealIntroEditor
    Running Internal UnrealHeaderTool C:\Users\sofie\Documents\Projects\CPP-Unreal\CPPUnrealIntro\CPPUnrealIntro.uproject C:\Users\sofie\Documents\Projects\CPP-Unreal\CPPUnrealIntro\Intermediate\Build\Win64\CPPUnrealIntroEditor\DebugGame\CPPUnrealIntroEditor.uhtmanifest -WarningsAsErrors -installed
  Total of 0 written
  Reflection code generated for CPPUnrealIntroEditor in 0.8141942 seconds
  Building CPPUnrealIntroEditor...
  Using Visual Studio 2022 14.34.31946 toolchain (C:\Program Files\Microsoft Visual Studio\2022\Community\VC\Tools\MSVC\14.34.31933) and Windows 10.0.22000.0 SDK (C:\Program Files (x86)\Windows Kits\10).
  [Upgrade]
  [Upgrade] Using backward-compatible include order. The latest version of UE has changed the order of includes, which may require code changes. The current setting is:
  [Upgrade]     IncludeOrderVersion = EngineIncludeOrderVersion.Unreal5_1
  [Upgrade] Suppress this message by setting 'IncludeOrderVersion = EngineIncludeOrderVersion.Unreal5_2;' in CPPUnrealIntroEditor.Target.cs.
  [Upgrade] Alternatively you can set this to 'EngineIncludeOrderVersion.Latest' to always use the latest include order. This will potentially cause compile errors when integrating new versions of the engine.
  [Upgrade]
  Determining max actions to execute in parallel (6 physical cores, 12 logical cores)
    Executing up to 6 processes, one per physical core
    Requested 1.5 GB free memory per action, 5.85 GB available: limiting max parallel actions to 3
  Building 9 actions with 3 processes...
  [1/9] Compile [x64] Collector.gen.cpp
  [2/9] Compile [x64] Collector.cpp
  [3/9] Compile [x64] CPPUnrealIntroGameModeBase.cpp
  [4/9] Compile [x64] MyActor.cpp
  [5/9] Compile [x64] MyActor.gen.cpp
  [6/9] Compile [x64] CPPUnrealIntroGameModeBase.gen.cpp
  [7/9] Link [x64] UnrealEditor-CPPUnrealIntro-Win64-DebugGame.lib
     Creating library C:\Users\sofie\Documents\Projects\CPP-Unreal\CPPUnrealIntro\Intermediate\Build\Win64\x64\UnrealEditor\DebugGame\CPPUnrealIntro\UnrealEditor-CPPUnrealIntro-Win64-DebugGame.lib and object C:\Users\sofie\Documents\Projects\CPP-Unreal\CPPUnrealIntro\Intermediate\Build\Win64\x64\UnrealEditor\DebugGame\CPPUnrealIntro\UnrealEditor-CPPUnrealIntro-Win64-DebugGame.exp
  [8/9] Link [x64] UnrealEditor-CPPUnrealIntro-Win64-DebugGame.dll
     Creating library C:\Users\sofie\Documents\Projects\CPP-Unreal\CPPUnrealIntro\Intermediate\Build\Win64\x64\UnrealEditor\DebugGame\CPPUnrealIntro\UnrealEditor-CPPUnrealIntro-Win64-DebugGame.suppressed.lib and object C:\Users\sofie\Documents\Projects\CPP-Unreal\CPPUnrealIntro\Intermediate\Build\Win64\x64\UnrealEditor\DebugGame\CPPUnrealIntro\UnrealEditor-CPPUnrealIntro-Win64-DebugGame.suppressed.exp
  [9/9] WriteMetadata CPPUnrealIntroEditor-Win64-DebugGame.target
  Total time in Parallel executor: 2.02 seconds
  Total execution time: 3.35 seconds
